DEBUG 2026-03-25 23:35:04,883 django.db.backends.schema schema 35116 82928 CREATE TABLE "django_migrations" ("id" integer NOT NULL PRIMARY KEY AUTOINCREMENT, "app" varchar(255) NOT NULL, "name" varchar(255) NOT NULL, "applied" datetime NOT NULL); (params None)
DEBUG 2026-03-25 23:35:04,886 django.db.backends.schema schema 35116 82928 CREATE TABLE "django_content_type" ("id" integer NOT NULL PRIMARY KEY AUTOINCREMENT, "name" varchar(100) NOT NULL, "app_label" varchar(100) NOT NULL, "model" varchar(100) NOT NULL); (params None)
DEBUG 2026-03-25 23:35:04,892 django.db.backends.schema schema 35116 82928 CREATE UNIQUE INDEX "django_content_type_app_label_model_76bd3d3b_uniq" ON "django_content_type" ("app_label", "model"); (params ())
DEBUG 2026-03-25 23:35:04,898 django.db.backends.schema schema 35116 82928 CREATE TABLE "auth_permission" ("id" integer NOT NULL PRIMARY KEY AUTOINCREMENT, "name" varchar(50) NOT NULL, "content_type_id" integer NOT NULL REFERENCES "django_content_type" ("id") DEFERRABLE INITIALLY DEFERRED, "codename" varchar(100) NOT NULL); (params None)
DEBUG 2026-03-25 23:35:04,901 django.db.backends.schema schema 35116 82928 CREATE TABLE "auth_group" ("id" integer NOT NULL PRIMARY KEY AUTOINCREMENT, "name" varchar(80) NOT NULL UNIQUE); (params None)
DEBUG 2026-03-25 23:35:04,902 django.db.backends.schema schema 35116 82928 CREATE TABLE "auth_group_permissions" ("id" integer NOT NULL PRIMARY KEY AUTOINCREMENT, "group_id" integer NOT NULL REFERENCES "auth_group" ("id") DEFERRABLE INITIALLY DEFERRED, "permission_id" integer NOT NULL REFERENCES "auth_permission" ("id") DEFERRABLE INITIALLY DEFERRED); (params None)
DEBUG 2026-03-25 23:35:04,909 django.db.backends.schema schema 35116 82928 CREATE TABLE "auth_user" ("id" integer NOT NULL PRIMARY KEY AUTOINCREMENT, "password" varchar(128) NOT NULL, "last_login" datetime NOT NULL, "is_superuser" bool NOT NULL, "username" varchar(30) NOT NULL UNIQUE, "first_name" varchar(30) NOT NULL, "last_name" varchar(30) NOT NULL, "email" varchar(75) NOT NULL, "is_staff" bool NOT NULL, "is_active" bool NOT NULL, "date_joined" datetime NOT NULL); (params None)
DEBUG 2026-03-25 23:35:04,911 django.db.backends.schema schema 35116 82928 CREATE TABLE "auth_user_groups" ("id" integer NOT NULL PRIMARY KEY AUTOINCREMENT, "user_id" integer NOT NULL REFERENCES "auth_user" ("id") DEFERRABLE INITIALLY DEFERRED, "group_id" integer NOT NULL REFERENCES "auth_group" ("id") DEFERRABLE INITIALLY DEFERRED); (params None)
DEBUG 2026-03-25 23:35:04,912 django.db.backends.schema schema 35116 82928 CREATE TABLE "auth_user_user_permissions" ("id" integer NOT NULL PRIMARY KEY AUTOINCREMENT, "user_id" integer NOT NULL REFERENCES "auth_user" ("id") DEFERRABLE INITIALLY DEFERRED, "permission_id" integer NOT NULL REFERENCES "auth_permission" ("id") DEFERRABLE INITIALLY DEFERRED); (params None)
DEBUG 2026-03-25 23:35:04,913 django.db.backends.schema schema 35116 82928 CREATE UNIQUE INDEX "auth_permission_content_type_id_codename_01ab375a_uniq" ON "auth_permission" ("content_type_id", "codename"); (params None)
DEBUG 2026-03-25 23:35:04,914 django.db.backends.schema schema 35116 82928 CREATE INDEX "auth_permission_content_type_id_2f476e4b" ON "auth_permission" ("content_type_id"); (params None)
DEBUG 2026-03-25 23:35:04,914 django.db.backends.schema schema 35116 82928 CREATE UNIQUE INDEX "auth_group_permissions_group_id_permission_id_0cd325b0_uniq" ON "auth_group_permissions" ("group_id", "permission_id"); (params None)
DEBUG 2026-03-25 23:35:04,914 django.db.backends.schema schema 35116 82928 CREATE INDEX "auth_group_permissions_group_id_b120cbf9" ON "auth_group_permissions" ("group_id"); (params None)
DEBUG 2026-03-25 23:35:04,915 django.db.backends.schema schema 35116 82928 CREATE INDEX "auth_group_permissions_permission_id_84c5c92e" ON "auth_group_permissions" ("permission_id"); (params None)
DEBUG 2026-03-25 23:35:04,915 django.db.backends.schema schema 35116 82928 CREATE UNIQUE INDEX "auth_user_groups_user_id_group_id_94350c0c_uniq" ON "auth_user_groups" ("user_id", "group_id"); (params None)
DEBUG 2026-03-25 23:35:04,916 django.db.backends.schema schema 35116 82928 CREATE INDEX "auth_user_groups_user_id_6a12ed8b" ON "auth_user_groups" ("user_id"); (params None)
DEBUG 2026-03-25 23:35:04,916 django.db.backends.schema schema 35116 82928 CREATE INDEX "auth_user_groups_group_id_97559544" ON "auth_user_groups" ("group_id"); (params None)
DEBUG 2026-03-25 23:35:04,916 django.db.backends.schema schema 35116 82928 CREATE UNIQUE INDEX "auth_user_user_permissions_user_id_permission_id_14a6b632_uniq" ON "auth_user_user_permissions" ("user_id", "permission_id"); (params None)
DEBUG 2026-03-25 23:35:04,917 django.db.backends.schema schema 35116 82928 CREATE INDEX "auth_user_user_permissions_user_id_a95ead1b" ON "auth_user_user_permissions" ("user_id"); (params None)
DEBUG 2026-03-25 23:35:04,917 django.db.backends.schema schema 35116 82928 CREATE INDEX "auth_user_user_permissions_permission_id_1fbb5f2c" ON "auth_user_user_permissions" ("permission_id"); (params None)
DEBUG 2026-03-25 23:35:04,929 django.db.backends.schema schema 35116 82928 CREATE TABLE "django_admin_log" ("id" integer NOT NULL PRIMARY KEY AUTOINCREMENT, "action_time" datetime NOT NULL, "object_id" text NULL, "object_repr" varchar(200) NOT NULL, "action_flag" smallint unsigned NOT NULL CHECK ("action_flag" >= 0), "change_message" text NOT NULL, "content_type_id" integer NULL REFERENCES "django_content_type" ("id") DEFERRABLE INITIALLY DEFERRED, "user_id" integer NOT NULL REFERENCES "auth_user" ("id") DEFERRABLE INITIALLY DEFERRED); (params None)
DEBUG 2026-03-25 23:35:04,930 django.db.backends.schema schema 35116 82928 CREATE INDEX "django_admin_log_content_type_id_c4bce8eb" ON "django_admin_log" ("content_type_id"); (params None)
DEBUG 2026-03-25 23:35:04,931 django.db.backends.schema schema 35116 82928 CREATE INDEX "django_admin_log_user_id_c564eba6" ON "django_admin_log" ("user_id"); (params None)
DEBUG 2026-03-25 23:35:04,946 django.db.backends.schema schema 35116 82928 CREATE TABLE "new__django_admin_log" ("id" integer NOT NULL PRIMARY KEY AUTOINCREMENT, "object_id" text NULL, "object_repr" varchar(200) NOT NULL, "action_flag" smallint unsigned NOT NULL CHECK ("action_flag" >= 0), "change_message" text NOT NULL, "content_type_id" integer NULL REFERENCES "django_content_type" ("id") DEFERRABLE INITIALLY DEFERRED, "user_id" integer NOT NULL REFERENCES "auth_user" ("id") DEFERRABLE INITIALLY DEFERRED, "action_time" datetime NOT NULL); (params None)
DEBUG 2026-03-25 23:35:04,947 django.db.backends.schema schema 35116 82928 INSERT INTO "new__django_admin_log" ("id", "object_id", "object_repr", "action_flag", "change_message", "content_type_id", "user_id", "action_time") SELECT "id", "object_id", "object_repr", "action_flag", "change_message", "content_type_id", "user_id", "action_time" FROM "django_admin_log"; (params ())
DEBUG 2026-03-25 23:35:04,947 django.db.backends.schema schema 35116 82928 DROP TABLE "django_admin_log"; (params ())
DEBUG 2026-03-25 23:35:04,948 django.db.backends.schema schema 35116 82928 ALTER TABLE "new__django_admin_log" RENAME TO "django_admin_log"; (params ())
DEBUG 2026-03-25 23:35:04,950 django.db.backends.schema schema 35116 82928 CREATE INDEX "django_admin_log_content_type_id_c4bce8eb" ON "django_admin_log" ("content_type_id"); (params ())
DEBUG 2026-03-25 23:35:04,950 django.db.backends.schema schema 35116 82928 CREATE INDEX "django_admin_log_user_id_c564eba6" ON "django_admin_log" ("user_id"); (params ())
DEBUG 2026-03-25 23:35:04,971 django.db.backends.schema schema 35116 82928 CREATE TABLE "new__django_content_type" ("id" integer NOT NULL PRIMARY KEY AUTOINCREMENT, "app_label" varchar(100) NOT NULL, "model" varchar(100) NOT NULL, "name" varchar(100) NULL); (params None)
DEBUG 2026-03-25 23:35:04,972 django.db.backends.schema schema 35116 82928 INSERT INTO "new__django_content_type" ("id", "app_label", "model", "name") SELECT "id", "app_label", "model", "name" FROM "django_content_type"; (params ())
DEBUG 2026-03-25 23:35:04,972 django.db.backends.schema schema 35116 82928 DROP TABLE "django_content_type"; (params ())
DEBUG 2026-03-25 23:35:04,973 django.db.backends.schema schema 35116 82928 ALTER TABLE "new__django_content_type" RENAME TO "django_content_type"; (params ())
DEBUG 2026-03-25 23:35:04,975 django.db.backends.schema schema 35116 82928 CREATE UNIQUE INDEX "django_content_type_app_label_model_76bd3d3b_uniq" ON "django_content_type" ("app_label", "model"); (params ())
DEBUG 2026-03-25 23:35:04,989 django.db.backends.schema schema 35116 82928 ALTER TABLE "django_content_type" DROP COLUMN "name"; (params ())
DEBUG 2026-03-25 23:35:05,003 django.db.backends.schema schema 35116 82928 CREATE TABLE "new__auth_permission" ("id" integer NOT NULL PRIMARY KEY AUTOINCREMENT, "content_type_id" integer NOT NULL REFERENCES "django_content_type" ("id") DEFERRABLE INITIALLY DEFERRED, "codename" varchar(100) NOT NULL, "name" varchar(255) NOT NULL); (params None)
DEBUG 2026-03-25 23:35:05,004 django.db.backends.schema schema 35116 82928 INSERT INTO "new__auth_permission" ("id", "content_type_id", "codename", "name") SELECT "id", "content_type_id", "codename", "name" FROM "auth_permission"; (params ())
DEBUG 2026-03-25 23:35:05,004 django.db.backends.schema schema 35116 82928 DROP TABLE "auth_permission"; (params ())
DEBUG 2026-03-25 23:35:05,004 django.db.backends.schema schema 35116 82928 ALTER TABLE "new__auth_permission" RENAME TO "auth_permission"; (params ())
DEBUG 2026-03-25 23:35:05,006 django.db.backends.schema schema 35116 82928 CREATE UNIQUE INDEX "auth_permission_content_type_id_codename_01ab375a_uniq" ON "auth_permission" ("content_type_id", "codename"); (params ())
DEBUG 2026-03-25 23:35:05,007 django.db.backends.schema schema 35116 82928 CREATE INDEX "auth_permission_content_type_id_2f476e4b" ON "auth_permission" ("content_type_id"); (params ())
DEBUG 2026-03-25 23:35:05,019 django.db.backends.schema schema 35116 82928 CREATE TABLE "new__auth_user" ("id" integer NOT NULL PRIMARY KEY AUTOINCREMENT, "password" varchar(128) NOT NULL, "last_login" datetime NOT NULL, "is_superuser" bool NOT NULL, "username" varchar(30) NOT NULL UNIQUE, "first_name" varchar(30) NOT NULL, "last_name" varchar(30) NOT NULL, "is_staff" bool NOT NULL, "is_active" bool NOT NULL, "date_joined" datetime NOT NULL, "email" varchar(254) NOT NULL); (params None)
DEBUG 2026-03-25 23:35:05,020 django.db.backends.schema schema 35116 82928 INSERT INTO "new__auth_user" ("id", "password", "last_login", "is_superuser", "username", "first_name", "last_name", "is_staff", "is_active", "date_joined", "email") SELECT "id", "password", "last_login", "is_superuser", "username", "first_name", "last_name", "is_staff", "is_active", "date_joined", "email" FROM "auth_user"; (params ())
DEBUG 2026-03-25 23:35:05,020 django.db.backends.schema schema 35116 82928 DROP TABLE "auth_user"; (params ())
DEBUG 2026-03-25 23:35:05,021 django.db.backends.schema schema 35116 82928 ALTER TABLE "new__auth_user" RENAME TO "auth_user"; (params ())
DEBUG 2026-03-25 23:35:05,045 django.db.backends.schema schema 35116 82928 CREATE TABLE "new__auth_user" ("id" integer NOT NULL PRIMARY KEY AUTOINCREMENT, "password" varchar(128) NOT NULL, "is_superuser" bool NOT NULL, "username" varchar(30) NOT NULL UNIQUE, "first_name" varchar(30) NOT NULL, "last_name" varchar(30) NOT NULL, "email" varchar(254) NOT NULL, "is_staff" bool NOT NULL, "is_active" bool NOT NULL, "date_joined" datetime NOT NULL, "last_login" datetime NULL); (params None)
DEBUG 2026-03-25 23:35:05,046 django.db.backends.schema schema 35116 82928 INSERT INTO "new__auth_user" ("id", "password", "is_superuser", "username", "first_name", "last_name", "email", "is_staff", "is_active", "date_joined", "last_login") SELECT "id", "password", "is_superuser", "username", "first_name", "last_name", "email", "is_staff", "is_active", "date_joined", "last_login" FROM "auth_user"; (params ())
DEBUG 2026-03-25 23:35:05,046 django.db.backends.schema schema 35116 82928 DROP TABLE "auth_user"; (params ())
DEBUG 2026-03-25 23:35:05,046 django.db.backends.schema schema 35116 82928 ALTER TABLE "new__auth_user" RENAME TO "auth_user"; (params ())
DEBUG 2026-03-25 23:35:05,082 django.db.backends.schema schema 35116 82928 CREATE TABLE "new__auth_user" ("id" integer NOT NULL PRIMARY KEY AUTOINCREMENT, "password" varchar(128) NOT NULL, "last_login" datetime NULL, "is_superuser" bool NOT NULL, "first_name" varchar(30) NOT NULL, "last_name" varchar(30) NOT NULL, "email" varchar(254) NOT NULL, "is_staff" bool NOT NULL, "is_active" bool NOT NULL, "date_joined" datetime NOT NULL, "username" varchar(150) NOT NULL UNIQUE); (params None)
DEBUG 2026-03-25 23:35:05,084 django.db.backends.schema schema 35116 82928 INSERT INTO "new__auth_user" ("id", "password", "last_login", "is_superuser", "first_name", "last_name", "email", "is_staff", "is_active", "date_joined", "username") SELECT "id", "password", "last_login", "is_superuser", "first_name", "last_name", "email", "is_staff", "is_active", "date_joined", "username" FROM "auth_user"; (params ())
DEBUG 2026-03-25 23:35:05,084 django.db.backends.schema schema 35116 82928 DROP TABLE "auth_user"; (params ())
DEBUG 2026-03-25 23:35:05,084 django.db.backends.schema schema 35116 82928 ALTER TABLE "new__auth_user" RENAME TO "auth_user"; (params ())
DEBUG 2026-03-25 23:35:05,099 django.db.backends.schema schema 35116 82928 CREATE TABLE "new__auth_user" ("id" integer NOT NULL PRIMARY KEY AUTOINCREMENT, "password" varchar(128) NOT NULL, "last_login" datetime NULL, "is_superuser" bool NOT NULL, "username" varchar(150) NOT NULL UNIQUE, "first_name" varchar(30) NOT NULL, "email" varchar(254) NOT NULL, "is_staff" bool NOT NULL, "is_active" bool NOT NULL, "date_joined" datetime NOT NULL, "last_name" varchar(150) NOT NULL); (params None)
DEBUG 2026-03-25 23:35:05,099 django.db.backends.schema schema 35116 82928 INSERT INTO "new__auth_user" ("id", "password", "last_login", "is_superuser", "username", "first_name", "email", "is_staff", "is_active", "date_joined", "last_name") SELECT "id", "password", "last_login", "is_superuser", "username", "first_name", "email", "is_staff", "is_active", "date_joined", "last_name" FROM "auth_user"; (params ())
DEBUG 2026-03-25 23:35:05,100 django.db.backends.schema schema 35116 82928 DROP TABLE "auth_user"; (params ())
DEBUG 2026-03-25 23:35:05,100 django.db.backends.schema schema 35116 82928 ALTER TABLE "new__auth_user" RENAME TO "auth_user"; (params ())
DEBUG 2026-03-25 23:35:05,113 django.db.backends.schema schema 35116 82928 CREATE TABLE "new__auth_group" ("id" integer NOT NULL PRIMARY KEY AUTOINCREMENT, "name" varchar(150) NOT NULL UNIQUE); (params None)
DEBUG 2026-03-25 23:35:05,114 django.db.backends.schema schema 35116 82928 INSERT INTO "new__auth_group" ("id", "name") SELECT "id", "name" FROM "auth_group"; (params ())
DEBUG 2026-03-25 23:35:05,114 django.db.backends.schema schema 35116 82928 DROP TABLE "auth_group"; (params ())
DEBUG 2026-03-25 23:35:05,115 django.db.backends.schema schema 35116 82928 ALTER TABLE "new__auth_group" RENAME TO "auth_group"; (params ())
DEBUG 2026-03-25 23:35:05,141 django.db.backends.schema schema 35116 82928 CREATE TABLE "new__auth_user" ("id" integer NOT NULL PRIMARY KEY AUTOINCREMENT, "password" varchar(128) NOT NULL, "last_login" datetime NULL, "is_superuser" bool NOT NULL, "username" varchar(150) NOT NULL UNIQUE, "last_name" varchar(150) NOT NULL, "email" varchar(254) NOT NULL, "is_staff" bool NOT NULL, "is_active" bool NOT NULL, "date_joined" datetime NOT NULL, "first_name" varchar(150) NOT NULL); (params None)
DEBUG 2026-03-25 23:35:05,142 django.db.backends.schema schema 35116 82928 INSERT INTO "new__auth_user" ("id", "password", "last_login", "is_superuser", "username", "last_name", "email", "is_staff", "is_active", "date_joined", "first_name") SELECT "id", "password", "last_login", "is_superuser", "username", "last_name", "email", "is_staff", "is_active", "date_joined", "first_name" FROM "auth_user"; (params ())
DEBUG 2026-03-25 23:35:05,142 django.db.backends.schema schema 35116 82928 DROP TABLE "auth_user"; (params ())
DEBUG 2026-03-25 23:35:05,143 django.db.backends.schema schema 35116 82928 ALTER TABLE "new__auth_user" RENAME TO "auth_user"; (params ())
DEBUG 2026-03-25 23:35:05,148 django.db.backends.schema schema 35116 82928 CREATE TABLE "core_note" ("id" integer NOT NULL PRIMARY KEY AUTOINCREMENT, "content" text NOT NULL, "created_at" datetime NOT NULL); (params None)
DEBUG 2026-03-25 23:35:05,152 django.db.backends.schema schema 35116 82928 CREATE TABLE "django_session" ("session_key" varchar(40) NOT NULL PRIMARY KEY, "session_data" text NOT NULL, "expire_date" datetime NOT NULL); (params None)
DEBUG 2026-03-25 23:35:05,153 django.db.backends.schema schema 35116 82928 CREATE INDEX "django_session_expire_date_a5c62663" ON "django_session" ("expire_date"); (params None)
WARNING 2026-03-25 23:35:05,406 django.request log 35116 82928 Not Found: /api/notes/9999999/
WARNING 2026-03-25 23:35:05,468 django.request log 35116 82928 Not Found: /api/notes/9999999/
WARNING 2026-03-25 23:35:05,478 django.request log 35116 82928 Bad Request: /api/notes/1/
WARNING 2026-03-25 23:35:05,484 django.request log 35116 82928 Bad Request: /api/notes/
WARNING 2026-03-25 23:35:05,490 django.request log 35116 82928 Bad Request: /api/notes/
WARNING 2026-03-25 23:35:05,503 django.request log 35116 82928 Bad Request: /api/notes/
WARNING 2026-03-25 23:35:05,512 django.request log 35116 82928 Bad Request: /api/notes/
